
> react-redux-hooks@0.1.0 start
> react-scripts start

(node:292925) [DEP_WEBPACK_DEV_SERVER_ON_AFTER_SETUP_MIDDLEWARE] DeprecationWarning: 'onAfterSetupMiddleware' option is deprecated. Please use the 'setupMiddlewares' option.
(Use `node --trace-deprecation ...` to show where the warning was created)
(node:292925) [DEP_WEBPACK_DEV_SERVER_ON_BEFORE_SETUP_MIDDLEWARE] DeprecationWarning: 'onBeforeSetupMiddleware' option is deprecated. Please use the 'setupMiddlewares' option.
Starting the development server...

Compiled with warnings.

[eslint]
src/components/main.js
  Line 40:8:  React Hook useEffect has a missing dependency: 'customNewsSelector.customNews'. Either include it or remove the dependency array  react-hooks/exhaustive-deps

src/components/tech.js
  Line 15:8:   React Hook useEffect has a missing dependency: 'getTechNews'. Either include it or remove the dependency array  react-hooks/exhaustive-deps
  Line 26:33:  img elements must have an alt prop, either with meaningful text, or an empty string for decorative images       jsx-a11y/alt-text

Search for the keywords to learn more about each warning.
To ignore, add // eslint-disable-next-line to the line before.

WARNING in [eslint]
src/components/main.js
  Line 40:8:  React Hook useEffect has a missing dependency: 'customNewsSelector.customNews'. Either include it or remove the dependency array  react-hooks/exhaustive-deps

src/components/tech.js
  Line 15:8:   React Hook useEffect has a missing dependency: 'getTechNews'. Either include it or remove the dependency array  react-hooks/exhaustive-deps
  Line 26:33:  img elements must have an alt prop, either with meaningful text, or an empty string for decorative images       jsx-a11y/alt-text

webpack compiled with 1 warning
